[debug] [2021-05-07T09:44:00.457Z] ----------------------------------------------------------------------
[debug] [2021-05-07T09:44:00.459Z] Command:       C:\Program Files\nodejs\node.exe C:\Users\olial\AppData\Roaming\npm\node_modules\firebase-tools\lib\bin\firebase.js init
[debug] [2021-05-07T09:44:00.459Z] CLI Version:   9.10.2
[debug] [2021-05-07T09:44:00.459Z] Platform:      win32
[debug] [2021-05-07T09:44:00.459Z] Node Version:  v14.15.4
[debug] [2021-05-07T09:44:00.461Z] Time:          Fri May 07 2021 11:44:00 GMT+0200 (hora de verano de Europa central)
[debug] [2021-05-07T09:44:00.461Z] ----------------------------------------------------------------------
[debug] 
[debug] [2021-05-07T09:44:00.468Z] > command requires scopes: ["email","openid","https://www.googleapis.com/auth/cloudplatformprojects.readonly","https://www.googleapis.com/auth/firebase","https://www.googleapis.com/auth/cloud-platform"]
[debug] [2021-05-07T09:44:00.468Z] > authorizing via signed-in user (cruzbryan629@gmail.com)
[info] 
     ######## #### ########  ######## ########     ###     ######  ########
     ##        ##  ##     ## ##       ##     ##  ##   ##  ##       ##
     ######    ##  ########  ######   ########  #########  ######  ######
     ##        ##  ##    ##  ##       ##     ## ##     ##       ## ##
     ##       #### ##     ## ######## ########  ##     ##  ######  ########

You're about to initialize a Firebase project in this directory:

  C:\xampp\htdocs\prueba_react

Before we get started, keep in mind:

  * You are currently outside your home directory
  * You are initializing in an existing Firebase project directory

